\BOOKMARK [0][]{chapter*.1}{Abstract}{}% 1
\BOOKMARK [0][]{chapter*.2}{Preface}{}% 2
\BOOKMARK [0][]{chapter*.3}{Table of Contents}{}% 3
\BOOKMARK [0][]{chapter*.4}{List of Tables}{}% 4
\BOOKMARK [0][]{chapter*.5}{List of Figures}{}% 5
\BOOKMARK [0][]{chapter*.6}{Glossary}{}% 6
\BOOKMARK [0][]{chapter*.7}{Acknowledgments}{}% 7
\BOOKMARK [0][]{chapter.1}{Introduction}{}% 8
\BOOKMARK [1][]{section.1.1}{Suggested Thesis Organization}{chapter.1}% 9
\BOOKMARK [1][]{section.1.2}{Making Cross-References}{chapter.1}% 10
\BOOKMARK [1][]{section.1.3}{Managing Bibliographies with BibTeX}{chapter.1}% 11
\BOOKMARK [2][]{subsection.1.3.1}{Describing References}{section.1.3}% 12
\BOOKMARK [2][]{subsection.1.3.2}{Citing References}{section.1.3}% 13
\BOOKMARK [2][]{subsection.1.3.3}{Formatting Cited References}{section.1.3}% 14
\BOOKMARK [1][]{section.1.4}{Typesetting Tables}{chapter.1}% 15
\BOOKMARK [1][]{section.1.5}{Figures, Graphics, and Special Characters}{chapter.1}% 16
\BOOKMARK [1][]{section.1.6}{Special Characters and Symbols}{chapter.1}% 17
\BOOKMARK [1][]{section.1.7}{Changing Page Widths and Heights}{chapter.1}% 18
\BOOKMARK [2][]{subsection.1.7.1}{The geometry Package}{section.1.7}% 19
\BOOKMARK [2][]{subsection.1.7.2}{Changing Page Layout Values By Hand}{section.1.7}% 20
\BOOKMARK [2][]{subsection.1.7.3}{Making Temporary Changes to Page Layout}{section.1.7}% 21
\BOOKMARK [1][]{section.1.8}{Keeping Track of Versions with Revision Control}{chapter.1}% 22
\BOOKMARK [1][]{section.1.9}{Recommended Packages}{chapter.1}% 23
\BOOKMARK [2][]{subsection.1.9.1}{Typesetting}{section.1.9}% 24
\BOOKMARK [2][]{subsection.1.9.2}{Figures, Tables, and Document Extracts}{section.1.9}% 25
\BOOKMARK [2][]{subsection.1.9.3}{Bibliography Related Packages}{section.1.9}% 26
\BOOKMARK [1][]{section.1.10}{Moving On}{chapter.1}% 27
\BOOKMARK [0][]{chapter.2}{The core and O-polysaccharide structure of the Caulobacter crescentus lipopolysaccharide}{}% 28
\BOOKMARK [1][]{section.2.1}{Introduction}{chapter.2}% 29
\BOOKMARK [1][]{section.2.2}{Results}{chapter.2}% 30
\BOOKMARK [2][]{subsection.2.2.1}{Initial assessment and component analysis}{section.2.2}% 31
\BOOKMARK [2][]{subsection.2.2.2}{O-Antigen structure determination \(PS1\)}{section.2.2}% 32
\BOOKMARK [2][]{subsection.2.2.3}{Minor component determination}{section.2.2}% 33
\BOOKMARK [2][]{subsection.2.2.4}{Rhamnan polysaccharide determination \(PS2\)}{section.2.2}% 34
\BOOKMARK [2][]{subsection.2.2.5}{Core oligosaccharide determination}{section.2.2}% 35
\BOOKMARK [1][]{section.2.3}{Methods}{chapter.2}% 36
\BOOKMARK [2][]{subsection.2.3.1}{Bacterial strain construction and growth conditions}{section.2.3}% 37
\BOOKMARK [2][]{subsection.2.3.2}{LPS isolation}{section.2.3}% 38
\BOOKMARK [2][]{subsection.2.3.3}{Gel electrophoresis}{section.2.3}% 39
\BOOKMARK [2][]{subsection.2.3.4}{NMR spectroscopy}{section.2.3}% 40
\BOOKMARK [2][]{subsection.2.3.5}{Chromatography}{section.2.3}% 41
\BOOKMARK [2][]{subsection.2.3.6}{Monosaccharide analysis}{section.2.3}% 42
\BOOKMARK [2][]{subsection.2.3.7}{Determination of absolute configurations of monosaccharides}{section.2.3}% 43
\BOOKMARK [2][]{subsection.2.3.8}{Methylation analysis}{section.2.3}% 44
\BOOKMARK [2][]{subsection.2.3.9}{Periodate oxidation}{section.2.3}% 45
\BOOKMARK [1][]{section.2.4}{Discussion}{chapter.2}% 46
\BOOKMARK [0][]{chapter*.11}{Bibliography}{}% 47
\BOOKMARK [0][]{appendix.A}{Supporting Materials}{}% 48
