This is pdfTeX, Version 3.14159265-2.6-1.40.15 (TeX Live 2014) (preloaded format=pdflatex 2014.9.10)  10 SEP 2014 16:37
entering extended mode
 restricted \write18 enabled.
 %&-line parsing enabled.
**MJThesis.tex
(./MJThesis.tex
LaTeX2e <2014/05/01>
Babel <3.9k> and hyphenation patterns for 79 languages loaded.
(./ubcdiss.cls
Document Class: ubcdiss 2008/04/06
(/usr/local/texlive/2014/texmf-dist/tex/latex/tools/calc.sty
Package: calc 2007/08/22 v4.3 Infix arithmetic (KKT,FJ)
\calc@Acount=\count79
\calc@Bcount=\count80
\calc@Adimen=\dimen102
\calc@Bdimen=\dimen103
\calc@Askip=\skip41
\calc@Bskip=\skip42
LaTeX Info: Redefining \setlength on input line 75.
LaTeX Info: Redefining \addtolength on input line 76.
\calc@Ccount=\count81
\calc@Cskip=\skip43
)
(/usr/local/texlive/2014/texmf-dist/tex/latex/base/ifthen.sty
Package: ifthen 2001/05/26 v1.1c Standard LaTeX ifthen package (DPC)
)
Using one-and-a-half spacing
(/usr/local/texlive/2014/texmf-dist/tex/latex/base/book.cls
Document Class: book 2007/10/19 v1.4h Standard LaTeX document class
(/usr/local/texlive/2014/texmf-dist/tex/latex/base/bk11.clo
File: bk11.clo 2007/10/19 v1.4h Standard LaTeX file (size option)
)
\c@part=\count82
\c@chapter=\count83
\c@section=\count84
\c@subsection=\count85
\c@subsubsection=\count86
\c@paragraph=\count87
\c@subparagraph=\count88
\c@figure=\count89
\c@table=\count90
\abovecaptionskip=\skip44
\belowcaptionskip=\skip45
\bibindent=\dimen104
)
(/usr/local/texlive/2014/texmf-dist/tex/latex/setspace/setspace.sty
Package: setspace 2011/12/19 v6.7a set line spacing
)
(/usr/local/texlive/2014/texmf-dist/tex/latex/textcase/textcase.sty
Package: textcase 2004/10/07 v0.07 Text only upper/lower case changing (DPC)
)
(/usr/local/texlive/2014/texmf-dist/tex/latex/tocbibind/tocbibind.sty
Package: tocbibind 2010/10/13 v1.5k extra ToC listings
Package tocbibind Info: The document has chapter divisions on input line 50.


Package tocbibind Note: Using chapter style headings, unless overridden.

) (/usr/local/texlive/2014/texmf-dist/tex/latex/tocloft/tocloft.sty
Package: tocloft 2013/05/02 v2.3f parameterised ToC, etc., typesetting
Package tocloft Info: The document has chapter divisions on input line 44.
\cftparskip=\skip46
\cftbeforetoctitleskip=\skip47
\cftaftertoctitleskip=\skip48
\cftbeforepartskip=\skip49
\cftpartnumwidth=\skip50
\cftpartindent=\skip51
\cftbeforechapskip=\skip52
\cftchapindent=\skip53
\cftchapnumwidth=\skip54
\cftbeforesecskip=\skip55
\cftsecindent=\skip56
\cftsecnumwidth=\skip57
\cftbeforesubsecskip=\skip58
\cftsubsecindent=\skip59
\cftsubsecnumwidth=\skip60
\cftbeforesubsubsecskip=\skip61
\cftsubsubsecindent=\skip62
\cftsubsubsecnumwidth=\skip63
\cftbeforeparaskip=\skip64
\cftparaindent=\skip65
\cftparanumwidth=\skip66
\cftbeforesubparaskip=\skip67
\cftsubparaindent=\skip68
\cftsubparanumwidth=\skip69
\cftbeforeloftitleskip=\skip70
\cftafterloftitleskip=\skip71
\cftbeforefigskip=\skip72
\cftfigindent=\skip73
\cftfignumwidth=\skip74
\c@lofdepth=\count91
\c@lotdepth=\count92
\cftbeforelottitleskip=\skip75
\cftafterlottitleskip=\skip76
\cftbeforetabskip=\skip77
\cfttabindent=\skip78
\cfttabnumwidth=\skip79
)
\@figprefixlen=\skip80
\@tabprefixlen=\skip81
)
(/usr/local/texlive/2014/texmf-dist/tex/latex/geometry/geometry.sty
Package: geometry 2010/09/12 v5.6 Page Geometry

(/usr/local/texlive/2014/texmf-dist/tex/latex/graphics/keyval.sty
Package: keyval 2014/05/08 v1.15 key=value parser (DPC)
\KV@toks@=\toks14
)
(/usr/local/texlive/2014/texmf-dist/tex/generic/oberdiek/ifpdf.sty
Package: ifpdf 2011/01/30 v2.3 Provides the ifpdf switch (HO)
Package ifpdf Info: pdfTeX in PDF mode is detected.
)
(/usr/local/texlive/2014/texmf-dist/tex/generic/oberdiek/ifvtex.sty
Package: ifvtex 2010/03/01 v1.5 Detect VTeX and its facilities (HO)
Package ifvtex Info: VTeX not detected.
)
(/usr/local/texlive/2014/texmf-dist/tex/generic/ifxetex/ifxetex.sty
Package: ifxetex 2010/09/12 v0.6 Provides ifxetex conditional
)
\Gm@cnth=\count93
\Gm@cntv=\count94
\c@Gm@tempcnt=\count95
\Gm@bindingoffset=\dimen105
\Gm@wd@mp=\dimen106
\Gm@odd@mp=\dimen107
\Gm@even@mp=\dimen108
\Gm@layoutwidth=\dimen109
\Gm@layoutheight=\dimen110
\Gm@layouthoffset=\dimen111
\Gm@layoutvoffset=\dimen112
\Gm@dimlist=\toks15
)
(./UBCpreamble.tex
(/usr/local/texlive/2014/texmf-dist/tex/latex/psnfss/times.sty
Package: times 2005/04/12 PSNFSS-v9.2a (SPQR) 
)
(/usr/local/texlive/2014/texmf-dist/tex/latex/psnfss/mathptmx.sty
Package: mathptmx 2005/04/12 PSNFSS-v9.2a Times w/ Math, improved (SPQR, WaS) 
LaTeX Font Info:    Redeclaring symbol font `operators' on input line 28.
LaTeX Font Info:    Overwriting symbol font `operators' in version `normal'
(Font)                  OT1/cmr/m/n --> OT1/ztmcm/m/n on input line 28.
LaTeX Font Info:    Overwriting symbol font `operators' in version `bold'
(Font)                  OT1/cmr/bx/n --> OT1/ztmcm/m/n on input line 28.
LaTeX Font Info:    Redeclaring symbol font `letters' on input line 29.
LaTeX Font Info:    Overwriting symbol font `letters' in version `normal'
(Font)                  OML/cmm/m/it --> OML/ztmcm/m/it on input line 29.
LaTeX Font Info:    Overwriting symbol font `letters' in version `bold'
(Font)                  OML/cmm/b/it --> OML/ztmcm/m/it on input line 29.
LaTeX Font Info:    Redeclaring symbol font `symbols' on input line 30.
LaTeX Font Info:    Overwriting symbol font `symbols' in version `normal'
(Font)                  OMS/cmsy/m/n --> OMS/ztmcm/m/n on input line 30.
LaTeX Font Info:    Overwriting symbol font `symbols' in version `bold'
(Font)                  OMS/cmsy/b/n --> OMS/ztmcm/m/n on input line 30.
LaTeX Font Info:    Redeclaring symbol font `largesymbols' on input line 31.
LaTeX Font Info:    Overwriting symbol font `largesymbols' in version `normal'
(Font)                  OMX/cmex/m/n --> OMX/ztmcm/m/n on input line 31.
LaTeX Font Info:    Overwriting symbol font `largesymbols' in version `bold'
(Font)                  OMX/cmex/m/n --> OMX/ztmcm/m/n on input line 31.
\symbold=\mathgroup4
\symitalic=\mathgroup5
LaTeX Font Info:    Redeclaring math alphabet \mathbf on input line 34.
LaTeX Font Info:    Overwriting math alphabet `\mathbf' in version `normal'
(Font)                  OT1/cmr/bx/n --> OT1/ptm/bx/n on input line 34.
LaTeX Font Info:    Overwriting math alphabet `\mathbf' in version `bold'
(Font)                  OT1/cmr/bx/n --> OT1/ptm/bx/n on input line 34.
LaTeX Font Info:    Redeclaring math alphabet \mathit on input line 35.
LaTeX Font Info:    Overwriting math alphabet `\mathit' in version `normal'
(Font)                  OT1/cmr/m/it --> OT1/ptm/m/it on input line 35.
LaTeX Font Info:    Overwriting math alphabet `\mathit' in version `bold'
(Font)                  OT1/cmr/bx/it --> OT1/ptm/m/it on input line 35.
LaTeX Info: Redefining \hbar on input line 50.
)
(/usr/local/texlive/2014/texmf-dist/tex/latex/psnfss/courier.sty
Package: courier 2005/04/12 PSNFSS-v9.2a (WaS) 
)
(/usr/local/texlive/2014/texmf-dist/tex/latex/psnfss/helvet.sty
Package: helvet 2005/04/12 PSNFSS-v9.2a (WaS) 
)
(/usr/local/texlive/2014/texmf-dist/tex/latex/sectsty/sectsty.sty
Package: sectsty 2002/02/25 v2.0.2 Commands to change all sectional heading sty
les
)
(/usr/local/texlive/2014/texmf-dist/tex/latex/psnfss/pifont.sty
Package: pifont 2005/04/12 PSNFSS-v9.2a Pi font support (SPQR) 
LaTeX Font Info:    Try loading font information for U+pzd on input line 63.

(/usr/local/texlive/2014/texmf-dist/tex/latex/psnfss/upzd.fd
File: upzd.fd 2001/06/04 font definitions for U/pzd.
)
LaTeX Font Info:    Try loading font information for U+psy on input line 64.

(/usr/local/texlive/2014/texmf-dist/tex/latex/psnfss/upsy.fd
File: upsy.fd 2001/06/04 font definitions for U/psy.
))
(/usr/local/texlive/2014/texmf-dist/tex/latex/base/fixltx2e.sty
Package: fixltx2e 2014/06/10 v1.1r fixes to LaTeX
LaTeX Info: Redefining \em on input line 430.
)
(/usr/local/texlive/2014/texmf-dist/tex/latex/titlesec/titlesec.sty
Package: titlesec 2011/12/15 v2.10.0 Sectioning titles
\ttl@box=\box26
\beforetitleunit=\skip82
\aftertitleunit=\skip83
\ttl@plus=\dimen113
\ttl@minus=\dimen114
\ttl@toksa=\toks16
\titlewidth=\dimen115
\titlewidthlast=\dimen116
\titlewidthfirst=\dimen117
)
(/usr/local/texlive/2014/texmf-dist/tex/latex/mhchem/mhchem.sty
Package: mhchem 2014/03/27 v3.17 for typesetting chemical formulae

(/usr/local/texlive/2014/texmf-dist/tex/latex/oberdiek/twoopt.sty
Package: twoopt 2008/08/11 v1.5 Definitions with two optional arguments (HO)
)
(/usr/local/texlive/2014/texmf-dist/tex/latex/amsmath/amsmath.sty
Package: amsmath 2013/01/14 v2.14 AMS math features
\@mathmargin=\skip84

For additional information on amsmath, use the `?' option.
(/usr/local/texlive/2014/texmf-dist/tex/latex/amsmath/amstext.sty
Package: amstext 2000/06/29 v2.01

(/usr/local/texlive/2014/texmf-dist/tex/latex/amsmath/amsgen.sty
File: amsgen.sty 1999/11/30 v2.0
\@emptytoks=\toks17
\ex@=\dimen118
))
(/usr/local/texlive/2014/texmf-dist/tex/latex/amsmath/amsbsy.sty
Package: amsbsy 1999/11/29 v1.2d
\pmbraise@=\dimen119
)
(/usr/local/texlive/2014/texmf-dist/tex/latex/amsmath/amsopn.sty
Package: amsopn 1999/12/14 v2.01 operator names
)
\inf@bad=\count96
LaTeX Info: Redefining \frac on input line 210.
\uproot@=\count97
\leftroot@=\count98
LaTeX Info: Redefining \overline on input line 306.
\classnum@=\count99
\DOTSCASE@=\count100
LaTeX Info: Redefining \ldots on input line 378.
LaTeX Info: Redefining \dots on input line 381.
LaTeX Info: Redefining \cdots on input line 466.
\Mathstrutbox@=\box27
\strutbox@=\box28
\big@size=\dimen120
LaTeX Font Info:    Redeclaring font encoding OML on input line 566.
LaTeX Font Info:    Redeclaring font encoding OMS on input line 567.
\macc@depth=\count101
\c@MaxMatrixCols=\count102
\dotsspace@=\muskip10
\c@parentequation=\count103
\dspbrk@lvl=\count104
\tag@help=\toks18
\row@=\count105
\column@=\count106
\maxfields@=\count107
\andhelp@=\toks19
\eqnshift@=\dimen121
\alignsep@=\dimen122
\tagshift@=\dimen123
\tagwidth@=\dimen124
\totwidth@=\dimen125
\lineht@=\dimen126
\@envbody=\toks20
\multlinegap=\skip85
\multlinetaggap=\skip86
\mathdisplay@stack=\toks21
LaTeX Info: Redefining \[ on input line 2665.
LaTeX Info: Redefining \] on input line 2666.
)
(/usr/local/texlive/2014/texmf-dist/tex/latex/graphics/graphics.sty
Package: graphics 2009/02/05 v1.0o Standard LaTeX Graphics (DPC,SPQR)

(/usr/local/texlive/2014/texmf-dist/tex/latex/graphics/trig.sty
Package: trig 1999/03/16 v1.09 sin cos tan (DPC)
)
(/usr/local/texlive/2014/texmf-dist/tex/latex/latexconfig/graphics.cfg
File: graphics.cfg 2010/04/23 v1.9 graphics configuration of TeX Live
)
Package graphics Info: Driver file: pdftex.def on input line 91.

(/usr/local/texlive/2014/texmf-dist/tex/latex/pdftex-def/pdftex.def
File: pdftex.def 2011/05/27 v0.06d Graphics/color for pdfTeX

(/usr/local/texlive/2014/texmf-dist/tex/generic/oberdiek/infwarerr.sty
Package: infwarerr 2010/04/08 v1.3 Providing info/warning/error messages (HO)
)
(/usr/local/texlive/2014/texmf-dist/tex/generic/oberdiek/ltxcmds.sty
Package: ltxcmds 2011/11/09 v1.22 LaTeX kernel commands for general use (HO)
)
\Gread@gobject=\count108
))
(/usr/local/texlive/2014/texmf-dist/tex/generic/oberdiek/pdftexcmds.sty
Package: pdftexcmds 2011/11/29 v0.20 Utility functions of pdfTeX for LuaTeX (HO
)

(/usr/local/texlive/2014/texmf-dist/tex/generic/oberdiek/ifluatex.sty
Package: ifluatex 2010/03/01 v1.3 Provides the ifluatex switch (HO)
Package ifluatex Info: LuaTeX not detected.
)
Package pdftexcmds Info: LuaTeX not detected.
Package pdftexcmds Info: \pdf@primitive is available.
Package pdftexcmds Info: \pdf@ifprimitive is available.
Package pdftexcmds Info: \pdfdraftmode found.
)
(/usr/local/texlive/2014/texmf-dist/tex/latex/l3kernel/expl3.sty
Package: expl3 2014/08/25 v5378 L3 programming layer (loader) 

(/usr/local/texlive/2014/texmf-dist/tex/latex/l3kernel/expl3-code.tex
Package: expl3 2014/08/25 v5378 L3 programming layer (code) 
L3 Module: l3bootstrap 2014/08/23 v5354 L3 Bootstrap code

(/usr/local/texlive/2014/texmf-dist/tex/latex/etex-pkg/etex.sty
Package: etex 1998/03/26 v2.0 eTeX basic definition package (PEB)
\et@xins=\count109
)
L3 Module: l3names 2014/08/22 v5343 L3 Namespace for primitives
L3 Module: l3basics 2014/08/24 v5364 L3 Basic definitions
L3 Module: l3expan 2014/08/22 v5349 L3 Argument expansion
L3 Module: l3tl 2014/08/24 v5359 L3 Token lists
L3 Module: l3str 2014/08/24 v5368 L3 Strings
L3 Module: l3seq 2014/08/23 v5354 L3 Sequences and stacks
L3 Module: l3int 2014/08/25 v5372 L3 Integers
\c_max_int=\count110
\l_tmpa_int=\count111
\l_tmpb_int=\count112
\g_tmpa_int=\count113
\g_tmpb_int=\count114
L3 Module: l3quark 2014/08/23 v5354 L3 Quarks
L3 Module: l3prg 2014/08/23 v5354 L3 Control structures
\g__prg_map_int=\count115
L3 Module: l3clist 2014/08/23 v5354 L3 Comma separated lists
L3 Module: l3token 2014/08/23 v5354 L3 Experimental token manipulation
L3 Module: l3prop 2014/08/23 v5354 L3 Property lists
L3 Module: l3msg 2014/08/24 v5358 L3 Messages
L3 Module: l3file 2014/08/24 v5369 L3 File and I/O operations
\l_iow_line_count_int=\count116
\l__iow_target_count_int=\count117
\l__iow_current_line_int=\count118
\l__iow_current_word_int=\count119
\l__iow_current_indentation_int=\count120
L3 Module: l3skip 2014/08/23 v5354 L3 Dimensions and skips
\c_zero_dim=\dimen127
\c_max_dim=\dimen128
\l_tmpa_dim=\dimen129
\l_tmpb_dim=\dimen130
\g_tmpa_dim=\dimen131
\g_tmpb_dim=\dimen132
\c_zero_skip=\skip87
\c_max_skip=\skip88
\l_tmpa_skip=\skip89
\l_tmpb_skip=\skip90
\g_tmpa_skip=\skip91
\g_tmpb_skip=\skip92
\c_zero_muskip=\muskip11
\c_max_muskip=\muskip12
\l_tmpa_muskip=\muskip13
\l_tmpb_muskip=\muskip14
\g_tmpa_muskip=\muskip15
\g_tmpb_muskip=\muskip16
L3 Module: l3keys 2014/08/23 v5354 L3 Key-value interfaces
\g__keyval_level_int=\count121
\l_keys_choice_int=\count122
L3 Module: l3fp 2014/08/22 v5336 L3 Floating points
\c__fp_leading_shift_int=\count123
\c__fp_middle_shift_int=\count124
\c__fp_trailing_shift_int=\count125
\c__fp_big_leading_shift_int=\count126
\c__fp_big_middle_shift_int=\count127
\c__fp_big_trailing_shift_int=\count128
\c__fp_Bigg_leading_shift_int=\count129
\c__fp_Bigg_middle_shift_int=\count130
\c__fp_Bigg_trailing_shift_int=\count131
L3 Module: l3box 2014/08/23 v5354 L3 Experimental boxes
\c_empty_box=\box29
\l_tmpa_box=\box30
\l_tmpb_box=\box31
\g_tmpa_box=\box32
\g_tmpb_box=\box33
L3 Module: l3coffins 2014/08/23 v5354 L3 Coffin code layer
\l__coffin_internal_box=\box34
\l__coffin_internal_dim=\dimen133
\l__coffin_offset_x_dim=\dimen134
\l__coffin_offset_y_dim=\dimen135
\l__coffin_x_dim=\dimen136
\l__coffin_y_dim=\dimen137
\l__coffin_x_prime_dim=\dimen138
\l__coffin_y_prime_dim=\dimen139
\c_empty_coffin=\box35
\l__coffin_aligned_coffin=\box36
\l__coffin_aligned_internal_coffin=\box37
\l_tmpa_coffin=\box38
\l_tmpb_coffin=\box39
\l__coffin_display_coffin=\box40
\l__coffin_display_coord_coffin=\box41
\l__coffin_display_pole_coffin=\box42
\l__coffin_display_offset_dim=\dimen140
\l__coffin_display_x_dim=\dimen141
\l__coffin_display_y_dim=\dimen142
L3 Module: l3color 2014/08/23 v5354 L3 Experimental color support
L3 Module: l3candidates 2014/08/24 v5366 L3 Experimental additions to l3kernel
\l__box_top_dim=\dimen143
\l__box_bottom_dim=\dimen144
\l__box_left_dim=\dimen145
\l__box_right_dim=\dimen146
\l__box_top_new_dim=\dimen147
\l__box_bottom_new_dim=\dimen148
\l__box_left_new_dim=\dimen149
\l__box_right_new_dim=\dimen150
\l__box_internal_box=\box43
\l__coffin_bounding_shift_dim=\dimen151
\l__coffin_left_corner_dim=\dimen152
\l__coffin_right_corner_dim=\dimen153
\l__coffin_bottom_corner_dim=\dimen154
\l__coffin_top_corner_dim=\dimen155
\l__coffin_scaled_total_height_dim=\dimen156
\l__coffin_scaled_width_dim=\dimen157
)
(/usr/local/texlive/2014/texmf-dist/tex/latex/l3kernel/l3unicode-data.def
File: l3unicode-data.def 2014/08/12 v5276 L3 Unicode data
)
(/usr/local/texlive/2014/texmf-dist/tex/latex/l3kernel/l3pdfmode.def
File: l3pdfmode.def 2014/08/24 v5366 L3 Experimental driver: PDF mode
\l__driver_color_stack_int=\count132
))
\mhchem@ce@result=\toks22
\mhchem@ce@part=\toks23
\mhchem@arrow@deployType=\toks24
\mhchem@arrow@params=\toks25
\mhchem@arrowlength@pgf=\skip93
\mhchem@bondwidth=\skip94
\mhchem@bondheight=\skip95
\mhchem@smallbondwidth@tmpA=\skip96
\mhchem@smallbondwidth@tmpB=\skip97
\mhchem@smallbondwidth=\skip98
\__mhchem_option_version_int=\count133
\mhchem@prepostscript@tmp@i=\skip99
\mhchem@prepostscript@tmp@ii=\skip100
\mhchem@mathbox@tmp@i=\skip101
\mhchem@mathbox@tmp@ii=\skip102
\mhchem@minispace@tmp=\skip103
\mhchem@option@minussidebearingleft=\skip104
\mhchem@option@minussidebearingright=\skip105


Package mhchem Warning: You did not specify a 'version' option for the mhchem
(mhchem)                package. If you are about to create a new document,
(mhchem)                please write \usepackage[version=3]{mhchem} in your
(mhchem)                preamble in order to use the most recent version of
(mhchem)                mhchem.

) (/usr/local/texlive/2014/texmf-dist/tex/latex/microtype/microtype.sty
Package: microtype 2013/05/23 v2.5a Micro-typographical refinements (RS)
\MT@toks=\toks26
\MT@count=\count134
LaTeX Info: Redefining \textls on input line 766.
\MT@outer@kern=\dimen158
LaTeX Info: Redefining \textmicrotypecontext on input line 1285.
\MT@listname@count=\count135

(/usr/local/texlive/2014/texmf-dist/tex/latex/microtype/microtype-pdftex.def
File: microtype-pdftex.def 2013/05/23 v2.5a Definitions specific to pdftex (RS)

LaTeX Info: Redefining \lsstyle on input line 915.
LaTeX Info: Redefining \lslig on input line 915.
\MT@outer@space=\skip106
)
Package microtype Info: Loading configuration file microtype.cfg.

(/usr/local/texlive/2014/texmf-dist/tex/latex/microtype/microtype.cfg
File: microtype.cfg 2013/05/23 v2.5a microtype main configuration file (RS)
))
(/usr/local/texlive/2014/texmf-dist/tex/latex/bezos/checkend.sty
Package: checkend 2002/04/20 v1.0 Environment checking
)
(/usr/local/texlive/2014/texmf-dist/tex/latex/graphics/graphicx.sty
Package: graphicx 2014/04/25 v1.0g Enhanced LaTeX Graphics (DPC,SPQR)
\Gin@req@height=\dimen159
\Gin@req@width=\dimen160
)
(/usr/local/texlive/2014/texmf-dist/tex/latex/booktabs/booktabs.sty
Package: booktabs 2005/04/14 v1.61803 publication quality tables
\heavyrulewidth=\dimen161
\lightrulewidth=\dimen162
\cmidrulewidth=\dimen163
\belowrulesep=\dimen164
\belowbottomsep=\dimen165
\aboverulesep=\dimen166
\abovetopsep=\dimen167
\cmidrulesep=\dimen168
\cmidrulekern=\dimen169
\defaultaddspace=\dimen170
\@cmidla=\count136
\@cmidlb=\count137
\@aboverulesep=\dimen171
\@belowrulesep=\dimen172
\@thisruleclass=\count138
\@lastruleclass=\count139
\@thisrulewidth=\dimen173
)
(/usr/local/texlive/2014/texmf-dist/tex/latex/siunitx/siunitx.sty
(/usr/local/texlive/2014/texmf-dist/tex/latex/l3packages/xparse/xparse.sty
Package: xparse 2014/08/25 v5378 L3 Experimental document command parser
\l__xparse_current_arg_int=\count140
\l__xparse_m_args_int=\count141
\l__xparse_mandatory_args_int=\count142
\l__xparse_processor_int=\count143
\l__xparse_v_nesting_int=\count144
)
Package: siunitx 2014/09/05 v2.6 A comprehensive (SI) units package

(/usr/local/texlive/2014/texmf-dist/tex/latex/tools/array.sty
Package: array 2008/09/09 v2.4c Tabular extension package (FMi)
\col@sep=\dimen174
\extrarowheight=\dimen175
\NC@list=\toks27
\extratabsurround=\skip107
\backup@length=\skip108
)
(/usr/local/texlive/2014/texmf-dist/tex/latex/l3packages/l3keys2e/l3keys2e.sty
Package: l3keys2e 2014/08/25 v5378 LaTeX2e option processing using LaTeX3 keys
)
Variant \tl_if_blank:VTF already defined; not changing it on line 50
\l__siunitx_tmp_box=\box44
\l__siunitx_tmp_dim=\dimen176
\l__siunitx_tmp_int=\count145
Variant \prop_get:NVNT already defined; not changing it on line 372
Variant \prop_get:NVNF already defined; not changing it on line 373
Variant \prop_get:NVNTF already defined; not changing it on line 374
\l__siunitx_number_mantissa_length_int=\count146
\l__siunitx_number_uncert_length_int=\count147
\l__siunitx_round_int=\count148
\l__siunitx_process_decimal_int=\count149
\l__siunitx_process_uncertainty_int=\count150
\l__siunitx_process_fixed_int=\count151
\l__siunitx_process_integer_min_int=\count152
\l__siunitx_process_precision_int=\count153
\l__siunitx_group_min_int=\count154
\l__siunitx_angle_marker_box=\box45
\l__siunitx_angle_unit_box=\box46
\l__siunitx_angle_marker_dim=\dimen177
\l__siunitx_angle_unit_dim=\dimen178
\l__siunitx_unit_int=\count155
\l__siunitx_unit_denominator_int=\count156
\l__siunitx_unit_numerator_int=\count157
\l__siunitx_unit_prefix_int=\count158
\l__siunitx_unit_prefix_base_int=\count159
\l__siunitx_unit_prefix_gram_int=\count160
\l__siunitx_number_product_int=\count161
\c__siunitx_one_fill_skip=\skip109
\l__siunitx_table_unit_align_skip=\skip110
\l__siunitx_table_exponent_dim=\dimen179
\l__siunitx_table_integer_dim=\dimen180
\l__siunitx_table_mantissa_dim=\dimen181
\l__siunitx_table_marker_dim=\dimen182
\l__siunitx_table_result_dim=\dimen183
\l__siunitx_table_uncert_dim=\dimen184
\l__siunitx_table_fill_pre_dim=\dimen185
\l__siunitx_table_fill_post_dim=\dimen186
\l__siunitx_table_fill_mid_dim=\dimen187
\l__siunitx_table_pre_box=\box47
\l__siunitx_table_post_box=\box48
\l__siunitx_table_mantissa_box=\box49
\l__siunitx_table_result_box=\box50
\l__siunitx_table_number_align_skip=\skip111
\l__siunitx_table_text_align_skip=\skip112
.................................................
. LaTeX info: "xparse/define-command"
. 
. Defining command \DeclareBinaryPrefix with sig. 'mmm' on line 7165.
.................................................
.................................................
. LaTeX info: "xparse/define-command"
. 
. Defining command \DeclareSIPostPower with sig. 'mm' on line 7168.
.................................................
.................................................
. LaTeX info: "xparse/define-command"
. 
. Defining command \DeclareSIPrefix with sig. 'mmm' on line 7171.
.................................................
.................................................
. LaTeX info: "xparse/define-command"
. 
. Defining command \DeclareSIPrePower with sig. 'mm' on line 7174.
.................................................
.................................................
. LaTeX info: "xparse/define-command"
. 
. Defining command \DeclareSIQualifier with sig. 'mm' on line 7177.
.................................................
.................................................
. LaTeX info: "xparse/define-command"
. 
. Defining command \DeclareSIUnit with sig. 'O{}mm' on line 7180.
.................................................
.................................................
. LaTeX info: "xparse/define-command"
. 
. Defining command \DeclareSIUnitWithOptions with sig. 'mmm' on line 7183.
.................................................
.................................................
. LaTeX info: "xparse/define-command"
. 
. Defining command \ang with sig. 'o>{\SplitArgument {2}{;}}m' on line 7198.
.................................................
.................................................
. LaTeX info: "xparse/define-command"
. 
. Defining command \num with sig. 'om' on line 7206.
.................................................
.................................................
. LaTeX info: "xparse/define-command"
. 
. Defining command \numlist with sig. 'o>{\SplitList {;}}m' on line 7214.
.................................................
.................................................
. LaTeX info: "xparse/define-command"
. 
. Defining command \numrange with sig. 'omm' on line 7222.
.................................................
.................................................
. LaTeX info: "xparse/define-command"
. 
. Defining command \SIlist with sig. 'o>{\SplitList {;}}mm' on line 7233.
.................................................
.................................................
. LaTeX info: "xparse/define-command"
. 
. Defining command \SIrange with sig. 'ommm' on line 7244.
.................................................
.................................................
. LaTeX info: "xparse/define-command"
. 
. Defining command \SI with sig. 'omom' on line 7255.
.................................................
.................................................
. LaTeX info: "xparse/define-command"
. 
. Defining command \sisetup with sig. 'm' on line 7258.
.................................................
.................................................
. LaTeX info: "xparse/define-command"
. 
. Defining command \tablenum with sig. 'om' on line 7270.
.................................................
.................................................
. LaTeX info: "xparse/define-command"
. 
. Defining command \si with sig. 'om' on line 7281.
.................................................
.................................................
. LaTeX info: "xparse/define-command"
. 
. Defining command \__siunitx_bookmark_num:w with sig. 'om' on line 7328.
.................................................
.................................................
. LaTeX info: "xparse/define-command"
. 
. Defining command \__siunitx_bookmark_numrange:w with sig. 'omm' on line
. 7330.
.................................................
.................................................
. LaTeX info: "xparse/define-command"
. 
. Defining command \__siunitx_bookmark_SI:w with sig. 'omom' on line 7332.
.................................................
.................................................
. LaTeX info: "xparse/define-command"
. 
. Defining command \__siunitx_bookmark_SIlist:w with sig. 'omm' on line 7334.
.................................................
.................................................
. LaTeX info: "xparse/define-command"
. 
. Defining command \__siunitx_bookmark_SIrange:w with sig. 'ommm' on line
. 7336.
.................................................
.................................................
. LaTeX info: "xparse/define-command"
. 
. Defining command \__siunitx_bookmark_si:w with sig. 'om' on line 7337.
.................................................
\g__file_internal_ior=\read1
(/usr/local/texlive/2014/texmf-dist/tex/latex/beamer/translator/translator.sty
Package: translator 2010/06/12 ver 1.10

(/usr/local/texlive/2014/texmf-dist/tex/latex/beamer/translator/translator-lang
uage-mappings.tex)))
(/usr/local/texlive/2014/texmf-dist/tex/latex/tools/xspace.sty
Package: xspace 2009/10/20 v1.13 Space after command names (DPC,MH)
)
(/usr/local/texlive/2014/texmf-dist/tex/latex/acronym/acronym.sty
Package: acronym 2012/10/29 v1.38 Support for acronyms (Tobias Oetiker)

(/usr/local/texlive/2014/texmf-dist/tex/latex/bigfoot/suffix.sty
Package: suffix 2006/07/15 1.5 Variant command support
)
(/usr/local/texlive/2014/texmf-dist/tex/generic/xstring/xstring.sty
(/usr/local/texlive/2014/texmf-dist/tex/generic/xstring/xstring.tex
\@xs@message=\write3
\integerpart=\count162
\decimalpart=\count163
)
Package: xstring 2013/10/13  v1.7c  String manipulations (C Tellechea)
)
\AC@clearlist=\toks28
)
(/usr/local/texlive/2014/texmf-dist/tex/latex/graphics/color.sty
Package: color 2014/04/23 v1.1a Standard LaTeX Color (DPC)

(/usr/local/texlive/2014/texmf-dist/tex/latex/latexconfig/color.cfg
File: color.cfg 2007/01/18 v1.5 color configuration of teTeX/TeXLive
)
Package color Info: Driver file: pdftex.def on input line 137.
)
(/usr/local/texlive/2014/texmf-dist/tex/latex/comment/comment.sty
\CommentStream=\write4

Excluding comment 'comment')
(/usr/local/texlive/2014/texmf-dist/tex/latex/caption/caption.sty
Package: caption 2013/05/02 v3.3-89 Customizing captions (AR)

(/usr/local/texlive/2014/texmf-dist/tex/latex/caption/caption3.sty
Package: caption3 2013/05/02 v1.6-88 caption3 kernel (AR)
Package caption3 Info: TeX engine: e-TeX on input line 57.
\captionmargin=\dimen188
\captionmargin@=\dimen189
\captionwidth=\dimen190
\caption@tempdima=\dimen191
\caption@indent=\dimen192
\caption@parindent=\dimen193
\caption@hangindent=\dimen194
)
\c@ContinuedFloat=\count164
)
(/usr/local/texlive/2014/texmf-dist/tex/latex/url/url.sty
\Urlmuskip=\muskip17
Package: url 2013/09/16  ver 3.4  Verb mode for urls, etc.
))
(./UBCrefpackages.tex
(/usr/local/texlive/2014/texmf-dist/tex/latex/biblatex/biblatex.sty
Package: biblatex 2014/06/25 v2.9a programmable bibliographies (PK/JW/AB)

(/usr/local/texlive/2014/texmf-dist/tex/latex/biblatex/biblatex1.sty
Package: biblatex1 2014/06/25 v2.9a programmable bibliographies (bibtex) (PK/JW
/AB)

(/usr/local/texlive/2014/texmf-dist/tex/latex/etoolbox/etoolbox.sty
Package: etoolbox 2011/01/03 v2.1 e-TeX tools for LaTeX
\etb@tempcnta=\count165
)
(/usr/local/texlive/2014/texmf-dist/tex/latex/logreq/logreq.sty
Package: logreq 2010/08/04 v1.0 xml request logger
\lrq@indent=\count166

(/usr/local/texlive/2014/texmf-dist/tex/latex/logreq/logreq.def
File: logreq.def 2010/08/04 v1.0 logreq spec v1.0
))
\c@tabx@nest=\count167
\c@listtotal=\count168
\c@listcount=\count169
\c@liststart=\count170
\c@liststop=\count171
\c@citecount=\count172
\c@citetotal=\count173
\c@multicitecount=\count174
\c@multicitetotal=\count175
\c@instcount=\count176
\c@maxnames=\count177
\c@minnames=\count178
\c@maxitems=\count179
\c@minitems=\count180
\c@citecounter=\count181
\c@savedcitecounter=\count182
\c@uniquelist=\count183
\c@uniquename=\count184
\c@refsection=\count185
\c@refsegment=\count186
\c@maxextrayear=\count187
\c@maxextraalpha=\count188
\c@abbrvpenalty=\count189
\c@highnamepenalty=\count190
\c@lownamepenalty=\count191
\c@maxparens=\count192
\c@parenlevel=\count193
\blx@tempcnta=\count194
\blx@tempcntb=\count195
\blx@tempcntc=\count196
\blx@maxsection=\count197
\blx@maxsegment=\count198
\blx@notetype=\count199
\blx@parenlevel@text=\count200
\blx@parenlevel@foot=\count201
\labelnumberwidth=\skip113
\labelalphawidth=\skip114
\shorthandwidth=\skip115
\biblabelsep=\skip116
\bibitemsep=\skip117
\bibnamesep=\skip118
\bibinitsep=\skip119
\bibparsep=\skip120
\bibhang=\skip121
\blx@auxin=\read2
\blx@auxout=\write5
Normal \count register pool exhausted, switching to extended pool.
\c@mincomprange=\count277
\c@maxcomprange=\count278
\c@mincompwidth=\count279
\c@labelname=\count280
\c@savedlabelname=\count281
\c@author=\count282
\c@savedauthor=\count283
\c@shortauthor=\count284
\c@savedshortauthor=\count285
\c@editor=\count286
\c@savededitor=\count287
\c@editora=\count288
\c@savededitora=\count289
\c@editorb=\count290
\c@savededitorb=\count291
\c@editorc=\count292
\c@savededitorc=\count293
\c@shorteditor=\count294
\c@savedshorteditor=\count295
\c@bookauthor=\count296
\c@savedbookauthor=\count297
\c@translator=\count298
\c@savedtranslator=\count299
\c@annotator=\count300
\c@savedannotator=\count301
\c@commentator=\count302
\c@savedcommentator=\count303
\c@introduction=\count304
\c@savedintroduction=\count305
\c@foreword=\count306
\c@savedforeword=\count307
\c@afterword=\count308
\c@savedafterword=\count309
\c@holder=\count310
\c@savedholder=\count311
\c@namea=\count312
\c@savednamea=\count313
\c@nameb=\count314
\c@savednameb=\count315
\c@namec=\count316
\c@savednamec=\count317
\c@institution=\count318
\c@savedinstitution=\count319
\c@language=\count320
\c@savedlanguage=\count321
\c@location=\count322
\c@savedlocation=\count323
\c@organization=\count324
\c@savedorganization=\count325
\c@origlocation=\count326
\c@savedoriglocation=\count327
\c@origpublisher=\count328
\c@savedorigpublisher=\count329
\c@pageref=\count330
\c@savedpageref=\count331
\c@publisher=\count332
\c@savedpublisher=\count333
\c@lista=\count334
\c@savedlista=\count335
\c@listb=\count336
\c@savedlistb=\count337
\c@listc=\count338
\c@savedlistc=\count339
\c@listd=\count340
\c@savedlistd=\count341
\c@liste=\count342
\c@savedliste=\count343
\c@listf=\count344
\c@savedlistf=\count345
Package biblatex Info: Trying to load compatibility code...
Package biblatex Info: ... file 'blx-compat.def' found.

(/usr/local/texlive/2014/texmf-dist/tex/latex/biblatex/blx-compat.def
File: blx-compat.def 2014/06/25 v2.9a biblatex compatibility (PK/JW/AB)
)
Package biblatex Info: Trying to load generic definitions...
Package biblatex Info: ... file 'biblatex.def' found.

(/usr/local/texlive/2014/texmf-dist/tex/latex/biblatex/biblatex.def
File: biblatex.def 
\c@textcitecount=\count346
\c@textcitetotal=\count347
\c@textcitemaxnames=\count348
\c@biburlnumpenalty=\count349
\c@biburlucpenalty=\count350
\c@biburllcpenalty=\count351
\c@smartand=\count352
)
Package biblatex Info: Trying to load bibliography style 'custom-numeric-comp'.
..
Package biblatex Info: ... file 'custom-numeric-comp.bbx' found.

(./custom-numeric-comp.bbx
File: custom-numeric-comp.bbx 
Package biblatex Info: Trying to load bibliography style 'numeric-comp'...
Package biblatex Info: ... file 'numeric-comp.bbx' found.

(/usr/local/texlive/2014/texmf-dist/tex/latex/biblatex/bbx/numeric-comp.bbx
File: numeric-comp.bbx 2014/06/25 v2.9a biblatex bibliography style (PK/JW/AB)
Package biblatex Info: Trying to load bibliography style 'numeric'...
Package biblatex Info: ... file 'numeric.bbx' found.

(/usr/local/texlive/2014/texmf-dist/tex/latex/biblatex/bbx/numeric.bbx
File: numeric.bbx 2014/06/25 v2.9a biblatex bibliography style (PK/JW/AB)
Package biblatex Info: Trying to load bibliography style 'standard'...
Package biblatex Info: ... file 'standard.bbx' found.

(/usr/local/texlive/2014/texmf-dist/tex/latex/biblatex/bbx/standard.bbx
File: standard.bbx 2014/06/25 v2.9a biblatex bibliography style (PK/JW/AB)
\c@bbx:relatedcount=\count353
\c@bbx:relatedtotal=\count354
))))
Package biblatex Info: Trying to load citation style 'custom-numeric-comp'...
Package biblatex Info: ... file 'custom-numeric-comp.cbx' found.

(/Users/mikedave/Library/texmf/tex/latex/custom-numeric-comp.cbx
File: custom-numeric-comp.cbx 
Package biblatex Info: Trying to load citation style 'numeric-comp'...
Package biblatex Info: ... file 'numeric-comp.cbx' found.

(/usr/local/texlive/2014/texmf-dist/tex/latex/biblatex/cbx/numeric-comp.cbx
File: numeric-comp.cbx 2014/06/25 v2.9a biblatex citation style (PK/JW/AB)
\c@cbx@tempcnta=\count355
\c@cbx@tempcntb=\count356
Package biblatex Info: Redefining '\cite'.
Package biblatex Info: Redefining '\parencite'.
Package biblatex Info: Redefining '\footcite'.
Package biblatex Info: Redefining '\footcitetext'.
Package biblatex Info: Redefining '\smartcite'.
Package biblatex Info: Redefining '\supercite'.
Package biblatex Info: Redefining '\textcite'.
Package biblatex Info: Redefining '\textcites'.
Package biblatex Info: Redefining '\cites'.
Package biblatex Info: Redefining '\parencites'.
Package biblatex Info: Redefining '\smartcites'.
))
Package biblatex Info: Trying to load configuration file...
Package biblatex Info: ... file 'biblatex.cfg' found.

(/usr/local/texlive/2014/texmf-dist/tex/latex/biblatex/biblatex.cfg
File: biblatex.cfg 
)))
(/usr/local/texlive/2014/texmf-dist/tex/latex/tools/varioref.sty
Package: varioref 2011/10/02 v1.4z package for extended references (FMi)
\c@vrcnt=\count357
)
(/usr/local/texlive/2014/texmf-dist/tex/latex/hyperref/hyperref.sty
Package: hyperref 2012/11/06 v6.83m Hypertext links for LaTeX

(/usr/local/texlive/2014/texmf-dist/tex/generic/oberdiek/hobsub-hyperref.sty
Package: hobsub-hyperref 2012/05/28 v1.13 Bundle oberdiek, subset hyperref (HO)


(/usr/local/texlive/2014/texmf-dist/tex/generic/oberdiek/hobsub-generic.sty
Package: hobsub-generic 2012/05/28 v1.13 Bundle oberdiek, subset generic (HO)
Package: hobsub 2012/05/28 v1.13 Construct package bundles (HO)
Package hobsub Info: Skipping package `infwarerr' (already loaded).
Package hobsub Info: Skipping package `ltxcmds' (already loaded).
Package hobsub Info: Skipping package `ifluatex' (already loaded).
Package hobsub Info: Skipping package `ifvtex' (already loaded).
Package: intcalc 2007/09/27 v1.1 Expandable calculations with integers (HO)
Package hobsub Info: Skipping package `ifpdf' (already loaded).
Package: etexcmds 2011/02/16 v1.5 Avoid name clashes with e-TeX commands (HO)
Package etexcmds Info: Could not find \expanded.
(etexcmds)             That can mean that you are not using pdfTeX 1.50 or
(etexcmds)             that some package has redefined \expanded.
(etexcmds)             In the latter case, load this package earlier.
Package: kvsetkeys 2012/04/25 v1.16 Key value parser (HO)
Package: kvdefinekeys 2011/04/07 v1.3 Define keys (HO)
Package hobsub Info: Skipping package `pdftexcmds' (already loaded).
Package: pdfescape 2011/11/25 v1.13 Implements pdfTeX's escape features (HO)
Package: bigintcalc 2012/04/08 v1.3 Expandable calculations on big integers (HO
)
Package: bitset 2011/01/30 v1.1 Handle bit-vector datatype (HO)
Package: uniquecounter 2011/01/30 v1.2 Provide unlimited unique counter (HO)
)
Package hobsub Info: Skipping package `hobsub' (already loaded).
Package: letltxmacro 2010/09/02 v1.4 Let assignment for LaTeX macros (HO)
Package: hopatch 2012/05/28 v1.2 Wrapper for package hooks (HO)
Package: xcolor-patch 2011/01/30 xcolor patch
Package: atveryend 2011/06/30 v1.8 Hooks at the very end of document (HO)
Package: atbegshi 2011/10/05 v1.16 At begin shipout hook (HO)
Package: refcount 2011/10/16 v3.4 Data extraction from label references (HO)
Package: hycolor 2011/01/30 v1.7 Color options for hyperref/bookmark (HO)
)
(/usr/local/texlive/2014/texmf-dist/tex/latex/oberdiek/auxhook.sty
Package: auxhook 2011/03/04 v1.3 Hooks for auxiliary files (HO)
)
(/usr/local/texlive/2014/texmf-dist/tex/latex/oberdiek/kvoptions.sty
Package: kvoptions 2011/06/30 v3.11 Key value format for package options (HO)
)
\@linkdim=\dimen195
\Hy@linkcounter=\count358
\Hy@pagecounter=\count359

(/usr/local/texlive/2014/texmf-dist/tex/latex/hyperref/pd1enc.def
File: pd1enc.def 2012/11/06 v6.83m Hyperref: PDFDocEncoding definition (HO)
)
\Hy@SavedSpaceFactor=\count360

(/usr/local/texlive/2014/texmf-dist/tex/latex/latexconfig/hyperref.cfg
File: hyperref.cfg 2002/06/06 v1.2 hyperref configuration of TeXLive
)
Package hyperref Info: Option `bookmarksopen' set `true' on input line 4319.
Package hyperref Info: Option `linktocpage' set `true' on input line 4319.
Package hyperref Info: Option `pdfpagelabels' set `true' on input line 4319.
Package hyperref Info: Option `plainpages' set `false' on input line 4319.
Package hyperref Info: Option `bookmarks' set `true' on input line 4319.
Package hyperref Info: Hyper figures OFF on input line 4443.
Package hyperref Info: Link nesting OFF on input line 4448.
Package hyperref Info: Hyper index ON on input line 4451.
Package hyperref Info: Plain pages OFF on input line 4458.
Package hyperref Info: Backreferencing OFF on input line 4463.
Package hyperref Info: Implicit mode ON; LaTeX internals redefined.
Package hyperref Info: Bookmarks ON on input line 4688.
\c@Hy@tempcnt=\count361
LaTeX Info: Redefining \url on input line 5041.
\XeTeXLinkMargin=\dimen196
\Fld@menulength=\count362
\Field@Width=\dimen197
\Fld@charsize=\dimen198
Package hyperref Info: Hyper figures OFF on input line 6295.
Package hyperref Info: Link nesting OFF on input line 6300.
Package hyperref Info: Hyper index ON on input line 6303.
Package hyperref Info: backreferencing OFF on input line 6310.
Package hyperref Info: Link coloring OFF on input line 6315.
Package hyperref Info: Link coloring with OCG OFF on input line 6320.
Package hyperref Info: PDF/A mode OFF on input line 6325.
LaTeX Info: Redefining \ref on input line 6365.
LaTeX Info: Redefining \pageref on input line 6369.
\Hy@abspage=\count363
\c@Item=\count364
\c@Hfootnote=\count365
)

Package hyperref Message: Driver (autodetected): hpdftex.

(/usr/local/texlive/2014/texmf-dist/tex/latex/hyperref/hpdftex.def
File: hpdftex.def 2012/11/06 v6.83m Hyperref driver for pdfTeX
\Fld@listcount=\count366
\c@bookmark@seq@number=\count367

(/usr/local/texlive/2014/texmf-dist/tex/latex/oberdiek/rerunfilecheck.sty
Package: rerunfilecheck 2011/04/15 v1.7 Rerun checks for auxiliary files (HO)
Package uniquecounter Info: New unique counter `rerunfilecheck' on input line 2
82.
)
\Hy@SectionHShift=\skip122
)
\spc=\skip123

(/usr/local/texlive/2014/texmf-dist/tex/latex/cleveref/cleveref.sty
Package: cleveref 2013/12/28 v0.19 Intelligent cross-referencing
Package cleveref Info: `hyperref' support loaded on input line 2230.
LaTeX Info: Redefining \cref on input line 2230.
LaTeX Info: Redefining \Cref on input line 2230.
LaTeX Info: Redefining \crefrange on input line 2230.
LaTeX Info: Redefining \Crefrange on input line 2230.
LaTeX Info: Redefining \cpageref on input line 2230.
LaTeX Info: Redefining \Cpageref on input line 2230.
LaTeX Info: Redefining \cpagerefrange on input line 2230.
LaTeX Info: Redefining \Cpagerefrange on input line 2230.
LaTeX Info: Redefining \labelcref on input line 2230.
LaTeX Info: Redefining \labelcpageref on input line 2230.
Package cleveref Info: `varioref' support loaded on input line 2453.
Package cleveref Info: `cleveref' supersedes `varioref's \labelformatcommand on
 input line 2453.
LaTeX Info: Redefining \vref on input line 2453.
LaTeX Info: Redefining \Vref on input line 2453.
LaTeX Info: Redefining \vrefrange on input line 2453.
LaTeX Info: Redefining \fullref on input line 2453.
))
(./macros.tex)
Package biblatex Info: Trying to load language 'english' -> 'custom-english-ord
inal-sscript'...
Package biblatex Info: ... file 'custom-english-ordinal-sscript.lbx' found.

(/Users/mikedave/Library/texmf/tex/latex/custom-english-ordinal-sscript.lbx
File: custom-english-ordinal-sscript.lbx 
Package biblatex Info: Trying to load language 'english'...
Package biblatex Info: ... file 'english.lbx' found.

(/usr/local/texlive/2014/texmf-dist/tex/latex/biblatex/lbx/english.lbx
File: english.lbx 2014/06/25 v2.9a biblatex localization (PK/JW/AB)
))
\@quotelevel=\count368
\@quotereset=\count369

(./MJThesis.aux (./abstract.aux) (./preface.aux) (./ack.aux) (./intro/intro.aux

LaTeX Warning: Label `acro:UBC@cref' multiply defined.


LaTeX Warning: Label `acro:GPS@cref' multiply defined.


LaTeX Warning: Label `acro:URL@cref' multiply defined.

) (./lps_chapter/lps_chapter.aux) (./appendix.aux))
\openout1 = `MJThesis.aux'.

LaTeX Font Info:    Checking defaults for OML/cmm/m/it on input line 137.
LaTeX Font Info:    ... okay on input line 137.
LaTeX Font Info:    Checking defaults for T1/cmr/m/n on input line 137.
LaTeX Font Info:    ... okay on input line 137.
LaTeX Font Info:    Checking defaults for OT1/cmr/m/n on input line 137.
LaTeX Font Info:    ... okay on input line 137.
LaTeX Font Info:    Checking defaults for OMS/cmsy/m/n on input line 137.
LaTeX Font Info:    ... okay on input line 137.
LaTeX Font Info:    Checking defaults for OMX/cmex/m/n on input line 137.
LaTeX Font Info:    ... okay on input line 137.
LaTeX Font Info:    Checking defaults for U/cmr/m/n on input line 137.
LaTeX Font Info:    ... okay on input line 137.
LaTeX Font Info:    Checking defaults for PD1/pdf/m/n on input line 137.
LaTeX Font Info:    ... okay on input line 137.
LaTeX Font Info:    Try loading font information for OT1+ptm on input line 137.


(/usr/local/texlive/2014/texmf-dist/tex/latex/psnfss/ot1ptm.fd
File: ot1ptm.fd 2001/06/04 font definitions for OT1/ptm.
)
*geometry* driver: auto-detecting
*geometry* detected driver: pdftex
*geometry* verbose mode - [ preamble ] result:
* driver: pdftex
* paper: <default>
* layout: <same size as paper>
* layoutoffset:(h,v)=(0.0pt,0.0pt)
* modes: 
* h-part:(L,W,R)=(79.49744pt, 462.52757pt, 72.26999pt)
* v-part:(T,H,B)=(72.26999pt, 650.43001pt, 72.26999pt)
* \paperwidth=614.295pt
* \paperheight=794.96999pt
* \textwidth=462.52757pt
* \textheight=650.43001pt
* \oddsidemargin=7.22745pt
* \evensidemargin=7.22745pt
* \topmargin=-31.8738pt
* \headheight=12.0pt
* \headsep=19.8738pt
* \topskip=11.0pt
* \footskip=27.46295pt
* \marginparwidth=62.0pt
* \marginparsep=7.0pt
* \columnsep=10.0pt
* \skip\footins=10.0pt plus 4.0pt minus 2.0pt
* \hoffset=0.0pt
* \voffset=0.0pt
* \mag=1000
* \@twocolumnfalse
* \@twosidefalse
* \@mparswitchfalse
* \@reversemarginfalse
* (1in=72.27pt=25.4mm, 1cm=28.453pt)

(/usr/local/texlive/2014/texmf-dist/tex/context/base/supp-pdf.mkii
[Loading MPS to PDF converter (version 2006.09.02).]
\scratchcounter=\count370
\scratchdimen=\dimen199
\scratchbox=\box51
\nofMPsegments=\count371
\nofMParguments=\count372
\everyMPshowfont=\toks29
\MPscratchCnt=\count373
\MPscratchDim=\dimen200
\MPnumerator=\count374
\makeMPintoPDFobject=\count375
\everyMPtoPDFconversion=\toks30
) (/usr/local/texlive/2014/texmf-dist/tex/latex/oberdiek/epstopdf-base.sty
Package: epstopdf-base 2010/02/09 v2.5 Base part for package epstopdf

(/usr/local/texlive/2014/texmf-dist/tex/latex/oberdiek/grfext.sty
Package: grfext 2010/08/19 v1.1 Manage graphics extensions (HO)
)
Package grfext Info: Graphics extension search list:
(grfext)             [.png,.pdf,.jpg,.mps,.jpeg,.jbig2,.jb2,.PNG,.PDF,.JPG,.JPE
G,.JBIG2,.JB2,.eps]
(grfext)             \AppendGraphicsExtensions on input line 452.

(/usr/local/texlive/2014/texmf-dist/tex/latex/latexconfig/epstopdf-sys.cfg
File: epstopdf-sys.cfg 2010/07/13 v1.3 Configuration of (r)epstopdf for TeX Liv
e
))
LaTeX Info: Redefining \microtypecontext on input line 137.
Package microtype Info: Generating PDF output.
Package microtype Info: Character protrusion enabled (level 2),
(microtype)             factor: 1100.
Package microtype Info: Using default protrusion set `alltext'.
Package microtype Info: Automatic font expansion enabled (level 2),
(microtype)             stretch: 10, shrink: 10, step: 1, non-selected.
Package microtype Info: Using default expansion set `basictext'.
Package microtype Info: Tracking enabled.
Package microtype Info: Using default tracking set `smallcaps'.
Package microtype Info: Adjustment of interword spacing enabled.
Package microtype Info: Using default spacing set `basictext'.
Package microtype Info: Adjustment of character kerning enabled.
Package microtype Info: Using default kerning set `alltext'.

(/usr/local/texlive/2014/texmf-dist/tex/latex/microtype/mt-ptm.cfg
File: mt-ptm.cfg 2006/04/20 v1.7 microtype config. file: Times (RS)
)
(/usr/local/texlive/2014/texmf-dist/tex/latex/beamer/translator/dicts/translato
r-basic-dictionary/translator-basic-dictionary-English.dict
Dictionary: translator-basic-dictionary, Language: English 
)
(/usr/local/texlive/2014/texmf-dist/tex/latex/siunitx/siunitx-abbreviations.cfg
File: siunitx-abbreviations.cfg 2014/09/05 v2.6 siunitx: Abbreviated units
)
Package caption Info: Begin \AtBeginDocument code.
Package caption Info: hyperref package is loaded.
Package caption Info: End \AtBeginDocument code.
Package biblatex Info: No input encoding detected.
(biblatex)             Assuming 'ascii'.
Package biblatex Info: Automatic encoding selection.
(biblatex)             Assuming data encoding 'ascii'.
\openout5 = `MJThesis-blx.bib'.

Package biblatex Info: Trying to load bibliographic data...
Package biblatex Info: ... file 'MJThesis.bbl' found.
 (./MJThesis.bbl)
Package biblatex Info: Reference section=0 on input line 137.
Package biblatex Info: Reference segment=0 on input line 137.
\AtBeginShipoutBox=\box52
Package hyperref Info: Link coloring OFF on input line 137.

(/usr/local/texlive/2014/texmf-dist/tex/latex/hyperref/nameref.sty
Package: nameref 2012/10/27 v2.43 Cross-referencing by name of section

(/usr/local/texlive/2014/texmf-dist/tex/generic/oberdiek/gettitlestring.sty
Package: gettitlestring 2010/12/03 v1.4 Cleanup title references (HO)
)
\c@section@level=\count376
LaTeX Info: Redefining \Ref on input line 513.
)
LaTeX Info: Redefining \ref on input line 137.
LaTeX Info: Redefining \pageref on input line 137.
LaTeX Info: Redefining \nameref on input line 137.

(./MJThesis.out) (./MJThesis.out)
\@outlinefile=\write6
\openout6 = `MJThesis.out'.

LaTeX Info: Redefining \Ref on input line 137.
\c__siunitx_mathsf_int=\count377
LaTeX Font Info:    Try loading font information for OT1+ztmcm on input line 13
7.

(/usr/local/texlive/2014/texmf-dist/tex/latex/psnfss/ot1ztmcm.fd
File: ot1ztmcm.fd 2000/01/03 Fontinst v1.801 font definitions for OT1/ztmcm.
)
Package microtype Info: Loading generic settings for font family
(microtype)             `ztmcm' (encoding: OT1).
(microtype)             For optimal results, create family-specific settings.
(microtype)             See the microtype manual for details.
LaTeX Font Info:    Try loading font information for OML+ztmcm on input line 13
7.

(/usr/local/texlive/2014/texmf-dist/tex/latex/psnfss/omlztmcm.fd
File: omlztmcm.fd 2000/01/03 Fontinst v1.801 font definitions for OML/ztmcm.
)
LaTeX Font Info:    Try loading font information for OMS+ztmcm on input line 13
7.

(/usr/local/texlive/2014/texmf-dist/tex/latex/psnfss/omsztmcm.fd
File: omsztmcm.fd 2000/01/03 Fontinst v1.801 font definitions for OMS/ztmcm.
)
LaTeX Font Info:    Try loading font information for OMX+ztmcm on input line 13
7.

(/usr/local/texlive/2014/texmf-dist/tex/latex/psnfss/omxztmcm.fd
File: omxztmcm.fd 2000/01/03 Fontinst v1.801 font definitions for OMX/ztmcm.
)
LaTeX Font Info:    Font shape `OT1/ptm/bx/n' in size <10.95> not available
(Font)              Font shape `OT1/ptm/b/n' tried instead on input line 137.
LaTeX Font Info:    Font shape `OT1/ptm/bx/n' in size <8> not available
(Font)              Font shape `OT1/ptm/b/n' tried instead on input line 137.
LaTeX Font Info:    Font shape `OT1/ptm/bx/n' in size <6> not available
(Font)              Font shape `OT1/ptm/b/n' tried instead on input line 137.
Package microtype Info: Loading generic settings for font family
(microtype)             `cmss' (encoding: OT1).
(microtype)             For optimal results, create family-specific settings.
(microtype)             See the microtype manual for details.
\c__siunitx_mathtt_int=\count378
Package microtype Info: Loading generic settings for font family
(microtype)             `cmtt' (encoding: OT1).
(microtype)             For optimal results, create family-specific settings.
(microtype)             See the microtype manual for details.
LaTeX Font Info:    Font shape `OT1/ptm/bx/n' in size <14.4> not available
(Font)              Font shape `OT1/ptm/b/n' tried instead on input line 147.
LaTeX Font Info:    Font shape `OT1/ptm/bx/it' in size <14.4> not available
(Font)              Font shape `OT1/ptm/b/it' tried instead on input line 147.
LaTeX Font Info:    Font shape `OT1/ptm/bx/n' in size <12> not available
(Font)              Font shape `OT1/ptm/b/n' tried instead on input line 147.
LaTeX Font Info:    Try loading font information for OMS+ptm on input line 147.


(/usr/local/texlive/2014/texmf-dist/tex/latex/psnfss/omsptm.fd
File: omsptm.fd 
)
LaTeX Font Info:    Font shape `OMS/ptm/m/n' in size <12> not available
(Font)              Font shape `OMS/cmsy/m/n' tried instead on input line 147.
 [1



{/usr/local/texlive/2014/texmf-var/fonts/map/pdftex/updmap/pdftex.map}]
\openout2 = `abstract.aux'.

 (./abstract.tex
Package biblatex Info: Resetting trackers on input line 4.
LaTeX Font Info:    Font shape `OT1/ptm/bx/n' in size <24.88> not available
(Font)              Font shape `OT1/ptm/b/n' tried instead on input line 4.
LaTeX Font Info:    Try loading font information for T1+qhv on input line 4.

(/usr/local/texlive/2014/texmf-dist/tex/latex/tex-gyre/t1qhv.fd
File: t1qhv.fd 2009/09/25 v1.2 font definition file for T1/qhv
)
Package microtype Info: Loading generic settings for font family
(microtype)             `qhv' (encoding: T1).
(microtype)             For optimal results, create family-specific settings.
(microtype)             See the microtype manual for details.
LaTeX Font Info:    Try loading font information for OT1+pcr on input line 6.

(/usr/local/texlive/2014/texmf-dist/tex/latex/psnfss/ot1pcr.fd
File: ot1pcr.fd 2001/06/04 font definitions for OT1/pcr.
)
Package microtype Info: Loading generic settings for font family
(microtype)             `pcr' (encoding: OT1).
(microtype)             For optimal results, create family-specific settings.
(microtype)             See the microtype manual for details.
Package acronym Info: Label `acro:URL' newly defined as it shall be overridden
although it is yet undefined on input line 10.
Package acronym Info: Label `acro:PDF' newly defined as it shall be overridden
although it is yet undefined on input line 11.
Package acronym Info: Label `acro:UBC' newly defined as it shall be overridden
although it is yet undefined on input line 15.
Package acronym Info: Label `acro:GPS' newly defined as it shall be overridden
although it is yet undefined on input line 15.
) [2


]
\openout2 = `preface.aux'.


(./preface.tex
Package biblatex Info: Resetting trackers on input line 4.
) [3




] (./MJThesis.toc
LaTeX Font Info:    Try loading font information for T1+bch on input line 2.

(/usr/local/texlive/2014/texmf-dist/tex/latex/psnfss/t1bch.fd
File: t1bch.fd 2004/10/18 font definitions for T1/bch.
)
(/usr/local/texlive/2014/texmf-dist/tex/latex/microtype/mt-bch.cfg
File: mt-bch.cfg 2007/03/03 v1.5 microtype config. file: Bitstream Charter (RS)

)
LaTeX Font Info:    Try loading font information for T1+pcr on input line 20.

(/usr/local/texlive/2014/texmf-dist/tex/latex/psnfss/t1pcr.fd
File: t1pcr.fd 2001/06/04 font definitions for T1/pcr.
)
Package microtype Info: Loading generic settings for font family
(microtype)             `pcr' (encoding: T1).
(microtype)             For optimal results, create family-specific settings.
(microtype)             See the microtype manual for details.
 [4



]
Overfull \hbox (11.1685pt too wide) in paragraph at lines 29--29
 [][] []\T1/qhv/b/n/10.95 The core and O-polysaccharide struc-ture of the \T1/q
hv/b/it/10.95 Caulobac-ter cres-cen-tus \T1/qhv/b/n/10.95 lipopolysac- 
 []

)
\tf@toc=\write7
\openout7 = `MJThesis.toc'.

 [5] (./MJThesis.lot)
\tf@lot=\write8
\openout8 = `MJThesis.lot'.

 [6


] (./MJThesis.lof)
\tf@lof=\write9
\openout9 = `MJThesis.lof'.

 [7


] (./glossary.tex
Package biblatex Info: Resetting trackers on input line 4.
LaTeX Font Info:    Try loading font information for OT1+phv on input line 17.

(/usr/local/texlive/2014/texmf-dist/tex/latex/psnfss/ot1phv.fd
File: ot1phv.fd 2001/06/04 scalable font definitions for OT1/phv.
)
LaTeX Font Info:    Font shape `OT1/phv/bx/n' in size <10.95> not available
(Font)              Font shape `OT1/phv/b/n' tried instead on input line 17.
LaTeX Font Info:    Font shape `OT1/phv/b/n' will be
(Font)              scaled to size 10.07397pt on input line 17.
Package microtype Info: Loading generic settings for font family
(microtype)             `phv' (encoding: OT1).
(microtype)             For optimal results, create family-specific settings.
(microtype)             See the microtype manual for details.
LaTeX Font Info:    Font shape `OT1/phv/bx/sc' in size <10.95> not available
(Font)              Font shape `OT1/phv/b/sc' tried instead on input line 24.
LaTeX Font Info:    Font shape `OT1/phv/b/sc' will be
(Font)              scaled to size 10.07397pt on input line 24.
LaTeX Font Info:    Font shape `OT1/phv/m/n' will be
(Font)              scaled to size 10.07397pt on input line 24.
 [8


]) [9]
\openout2 = `ack.aux'.


(./ack.tex
Package biblatex Info: Resetting trackers on input line 4.
) [10


]
\openout2 = `intro/intro.aux'.

 (./intro/intro.tex
Chapter 1.
Package biblatex Info: Resetting trackers on input line 5.
LaTeX Font Info:    Font shape `OT1/ptm/bx/n' in size <20.74> not available
(Font)              Font shape `OT1/ptm/b/n' tried instead on input line 5.
LaTeX Font Info:    Font shape `OT1/ptm/bx/n' in size <9> not available
(Font)              Font shape `OT1/ptm/b/n' tried instead on input line 13.
LaTeX Font Info:    Font shape `OT1/ptm/bx/n' in size <7> not available
(Font)              Font shape `OT1/ptm/b/n' tried instead on input line 13.
LaTeX Font Info:    Font shape `OT1/ptm/bx/n' in size <5> not available
(Font)              Font shape `OT1/ptm/b/n' tried instead on input line 13.
Package acronym Info: Label `acro:UBC' overridden on input line 47.
Package acronym Info: Label `acro:GPS' overridden on input line 47.
[1




]
Overfull \hbox (0.1398pt too wide) in paragraph at lines 104--107
[]\OT1/ptm/m/n/10.95 (-10) For de-tails on defin-ing the text used to de-scribe
 the type of \OT1/ptm/m/it/10.95 (-10) thing\OT1/ptm/m/n/10.95 (-10) , search \
OT1/pcr/m/n/10.95 diss.tex \OT1/ptm/m/n/10.95 (-10) and the []\OT1/pcr/m/n/10.9
5 hyperref[]
 []

Package acronym Info: Label `acro:DOI' newly defined as it shall be overridden
although it is yet undefined on input line 127.
Package acronym Info: Label `acro:URL' overridden on input line 127.
[2] [3]
LaTeX Font Info:    Font shape `OT1/phv/m/n' will be
(Font)              scaled to size 22.88956pt on input line 272.
LaTeX Font Info:    Font shape `OT1/ptm/bx/n' in size <17.28> not available
(Font)              Font shape `OT1/ptm/b/n' tried instead on input line 272.
LaTeX Font Info:    Font shape `OT1/phv/m/n' will be
(Font)              scaled to size 15.89755pt on input line 272.
 [4]
Missing character: There is no  in font ptmr7t!
Missing character: There is no  in font ptmr7t!
Missing character: There is no  in font ptmr7t!
LaTeX Font Info:    Font shape `OMS/ptm/m/n' in size <10.95> not available
(Font)              Font shape `OMS/cmsy/m/n' tried instead on input line 313.
LaTeX Font Info:    Try loading font information for OML+ptm on input line 318.

 (/usr/local/texlive/2014/texmf-dist/tex/latex/psnfss/omlptm.fd
File: omlptm.fd 
)
LaTeX Font Info:    Font shape `OML/ptm/m/n' in size <10.95> not available
(Font)              Font shape `OML/cmm/m/it' tried instead on input line 318.

[5]
LaTeX Font Info:    Font shape `OT1/pcr/bx/n' in size <12> not available
(Font)              Font shape `OT1/pcr/b/n' tried instead on input line 334.
Package acronym Info: Label `acro:RCS' newly defined as it shall be overridden
although it is yet undefined on input line 376.
 [6]
LaTeX Font Info:    Font shape `OT1/pcr/bx/n' in size <10.95> not available
(Font)              Font shape `OT1/pcr/b/n' tried instead on input line 410.

Overfull \hbox (22.8466pt too wide) in paragraph at lines 414--418
[]\OT1/ptm/m/n/10.95 (-10) Provides two new com-mands for strik-ing out and cro
ss-ing out text ([]\OT1/pcr/m/n/10.95 \sout{text} \OT1/ptm/m/n/10.95 (-10) and 
[]\OT1/pcr/m/n/10.95 \xout{text}
 []

[7]) [8]
\openout2 = `lps_chapter/lps_chapter.aux'.

 (./lps_chapter/lps_chapter.tex
Chapter 2.
Package biblatex Info: Resetting trackers on input line 4.
Package acronym Info: Label `acro:S-layer' newly defined as it shall be overrid
den
although it is yet undefined on input line 9.
Package acronym Info: Label `acro:LPS' newly defined as it shall be overridden
although it is yet undefined on input line 9.
Package acronym Info: Label `acro:OPS' newly defined as it shall be overridden
although it is yet undefined on input line 11.
Package acronym Info: Label `acro:EPS' newly defined as it shall be overridden
although it is yet undefined on input line 13.

LaTeX Warning: Citation 'ravenscrofteps' on page 9 undefined on input line 13.

[9



]
Package acronym Info: Label `acro:PS' newly defined as it shall be overridden
although it is yet undefined on input line 22.
Package acronym Info: Label `acro:NMR' newly defined as it shall be overridden
although it is yet undefined on input line 22.
Package acronym Info: Label `acro:gCOSY' newly defined as it shall be overridde
n
although it is yet undefined on input line 28.
Package acronym Info: Label `acro:TOCSY' newly defined as it shall be overridde
n
although it is yet undefined on input line 28.
Package acronym Info: Label `acro:NOESY' newly defined as it shall be overridde
n
although it is yet undefined on input line 28.


Package acronym Warning: Acronym `NOESY' is not defined on input line 28.


package acronym warning: acronym `noesy' is not defined on input line 28.

LaTeX Font Info:    Font shape `OT1/ptm/bx/sc' in size <10.95> not available
(Font)              Font shape `OT1/ptm/b/sc' tried instead on input line 28.
Package acronym Info: Label `acro:gHSQC' newly defined as it shall be overridde
n
although it is yet undefined on input line 28.
Package acronym Info: Label `acro:gHMBC' newly defined as it shall be overridde
n
although it is yet undefined on input line 28.
Package acronym Info: Label `acro:OS' newly defined as it shall be overridden
although it is yet undefined on input line 30.

Package acronym Warning: Acronym `OS' is not defined on input line 30.


package acronym warning: acronym `os' is not defined on input line 30.


package acronym warning: acronym `os' is not defined on input line 30.

Missing character: There is no  in font ptmr7t!
Missing character: There is no  in font ptmr7t!
Package acronym Info: Label `acro:NOE' newly defined as it shall be overridden
although it is yet undefined on input line 30.
Package acronym Info: Label `acro:HMBC' newly defined as it shall be overridden

although it is yet undefined on input line 30.

Package acronym Warning: Acronym `HMBC' is not defined on input line 30.


package acronym warning: acronym `hmbc' is not defined on input line 30.

[10]

package acronym warning: acronym `hmbc' is not defined on input line 36.

Package acronym Info: Label `acro:HMQC' newly defined as it shall be overridden

although it is yet undefined on input line 36.

package acronym warning: acronym `os' is not defined on input line 42.


package acronym warning: acronym `os' is not defined on input line 42.

[11]
Package acronym Info: Label `acro:HSQC' newly defined as it shall be overridden

although it is yet undefined on input line 48.


Package acronym Warning: Acronym `HSQC' is not defined on input line 48.


package acronym warning: acronym `hsqc' is not defined on input line 48.

Missing character: There is no  in font ptmr7t!
Missing character: There is no  in font ptmr7t!

package acronym warning: acronym `hmbc' is not defined on input line 48.

Missing character: There is no  in font ptmr7t!
Missing character: There is no  in font ptmr7t!
Package acronym Info: Label `acro:ESI' newly defined as it shall be overridden
although it is yet undefined on input line 48.

LaTeX Warning: Citation 'ravenscrofteps' on page 12 undefined on input line 58.


Missing character: There is no  in font ptmr7t!
Missing character: There is no  in font ptmr7t!
Missing character: There is no  in font ptmr7t!
Package acronym Info: Label `acro:PBS' newly defined as it shall be overridden
although it is yet undefined on input line 66.
Package acronym Info: Label `acro:EDTA' newly defined as it shall be overridden

although it is yet undefined on input line 66.
LaTeX Font Info:    Try loading font information for TS1+ptm on input line 66.
(/usr/local/texlive/2014/texmf-dist/tex/latex/psnfss/ts1ptm.fd
File: ts1ptm.fd 2001/06/04 font definitions for TS1/ptm.
)
Package microtype Info: Loading generic settings for font family
(microtype)             `ptm' (encoding: TS1).
(microtype)             For optimal results, create family-specific settings.
(microtype)             See the microtype manual for details.


Package microtype Warning: Unknown slot number of character
(microtype)                `\textminus '
(microtype)                in font encoding `TS1' in protrusion list
(microtype)                `textcomp'.


Package microtype Warning: Unknown slot number of character
(microtype)                `\texttrademark '
(microtype)                in font encoding `TS1' in protrusion list
(microtype)                `textcomp'.


Package microtype Warning: Unknown slot number of character
(microtype)                `\textcopyright '
(microtype)                in font encoding `TS1' in protrusion list
(microtype)                `textcomp'.


Package microtype Warning: Unknown slot number of character
(microtype)                `\textregistered '
(microtype)                in font encoding `TS1' in protrusion list
(microtype)                `textcomp'.


Package microtype Warning: Unknown slot number of character
(microtype)                `\textdegree '
(microtype)                in font encoding `TS1' in protrusion list
(microtype)                `textcomp'.

[12]
Package acronym Info: Label `acro:SDS-PAGE' newly defined as it shall be overri
dden
although it is yet undefined on input line 72.
Package acronym Info: Label `acro:ROESY' newly defined as it shall be overridde
n
although it is yet undefined on input line 78.


package acronym warning: acronym `hsqc' is not defined on input line 78.

Package acronym Info: Label `acro:UV' newly defined as it shall be overridden
although it is yet undefined on input line 84.
Package acronym Info: Label `acro:TLC' newly defined as it shall be overridden
although it is yet undefined on input line 84.
Package acronym Info: Label `acro:TFA' newly defined as it shall be overridden
although it is yet undefined on input line 90.
Package acronym Info: Label `acro:GC-MS' newly defined as it shall be overridde
n
although it is yet undefined on input line 90.

Overfull \hbox (33.12999pt too wide) in paragraph at lines 90--92
\OT1/ptm/m/n/10.95 (-10) Monosac-cha-rides were con-verted to alditol ac-etates
 by con-ven-tional meth-ods and iden-ti-fied by [][][] Gas chromatography-
 []

[13]

package acronym warning: acronym `os' is not defined on input line 110.


LaTeX Warning: Citation 'ravesncroftlps' on page 14 undefined on input line 118
.

[14]
Missing character: There is no  in font ptmr7t!
Missing character: There is no  in font ptmr7t!
Missing character: There is no  in font ptmr7t!
Missing character: There is no  in font ptmr7t!


LaTeX Warning: Citation 'lpsreview' on page 15 undefined on input line 128.

[15]
Package acronym Info: Label `acro:MALDI-TOF' newly defined as it shall be overr
idden
although it is yet undefined on input line 130.
Package acronym Info: Label `acro:ABC' newly defined as it shall be overridden
although it is yet undefined on input line 131.


LaTeX Warning: Citation 'lpsreview' on page 16 undefined on input line 131.

) [16] [17


]
Missing character: There is no  in font ptmrc7t+20ls!
Missing character: There is no  in font ptmrc7t+20ls!
Missing character: There is no  in font ptmrc7t+20ls!
Missing character: There is no  in font ptmr7t!
Missing character: There is no  in font ptmr7t!
Missing character: There is no  in font ptmr7t!
 [18]
! Misplaced alignment tab character &.
<argument> Nature structural &
                               molecular biology
l.203 \printbibliography[heading=bibintoc]
                                          
I can't figure out why you would want to use a tab mark
here. If you just want an ampersand, the remedy is
simple: Just type `I\&' now. But if some right brace
up above has ended a previous alignment prematurely,
you're probably due for more error messages, and you
might try typing `S' now just to see what is salvageable.

[19]
\openout2 = `appendix.aux'.

 (./appendix.tex
Appendix A.
Package biblatex Info: Resetting trackers on input line 1.
) [20


]
Package atveryend Info: Empty hook `BeforeClearDocument' on input line 218.
Package atveryend Info: Empty hook `AfterLastShipout' on input line 218.
 (./MJThesis.aux (./abstract.aux) (./preface.aux) (./ack.aux)
(./intro/intro.aux) (./lps_chapter/lps_chapter.aux) (./appendix.aux))
Package atveryend Info: Executing hook `AtVeryEndDocument' on input line 218.
Package atveryend Info: Executing hook `AtEndAfterFileList' on input line 218.
Package rerunfilecheck Info: File `MJThesis.out' has not changed.
(rerunfilecheck)             Checksum: F1849634D2892E418C09CA4E574190A3;3446.


LaTeX Warning: There were undefined references.


LaTeX Warning: There were multiply-defined labels.


Package biblatex Warning: Please (re)run BibTeX on the file(s):
(biblatex)                MJThesis
(biblatex)                and rerun LaTeX afterwards.

Package logreq Info: Writing requests to 'MJThesis.run.xml'.
\openout1 = `MJThesis.run.xml'.

 ) 
Here is how much of TeX's memory you used:
 26570 strings out of 493108
 503910 string characters out of 6134847
 698247 words of memory out of 5000000
 29289 multiletter control sequences out of 15000+600000
 108975 words of font info for 290 fonts, out of 8000000 for 9000
 1141 hyphenation exceptions out of 8191
 43i,14n,61p,10378b,1529s stack positions out of 5000i,500n,10000p,200000b,80000s
{/usr/local/texlive/2014/texmf-dist/fonts/enc/dvips/base/8r.enc}{/usr/local/t
exlive/2014/texmf-dist/fonts/enc/dvips/tex-gyre/q-ec.enc}</usr/local/texlive/20
14/texmf-dist/fonts/type1/bitstrea/charter/bchb8a.pfb></usr/local/texlive/2014/
texmf-dist/fonts/type1/bitstrea/charter/bchr8a.pfb></usr/local/texlive/2014/tex
mf-dist/fonts/type1/public/amsfonts/cm/cmmi10.pfb></usr/local/texlive/2014/texm
f-dist/fonts/type1/public/amsfonts/cm/cmsy10.pfb></usr/local/texlive/2014/texmf
-dist/fonts/type1/public/tex-gyre/qhvb.pfb></usr/local/texlive/2014/texmf-dist/
fonts/type1/public/tex-gyre/qhvbi.pfb></usr/local/texlive/2014/texmf-dist/fonts
/type1/urw/courier/ucrb8a.pfb></usr/local/texlive/2014/texmf-dist/fonts/type1/u
rw/courier/ucrr8a.pfb></usr/local/texlive/2014/texmf-dist/fonts/type1/urw/helve
tic/uhvb8a.pfb></usr/local/texlive/2014/texmf-dist/fonts/type1/urw/helvetic/uhv
r8a.pfb></usr/local/texlive/2014/texmf-dist/fonts/type1/urw/symbol/usyr.pfb></u
sr/local/texlive/2014/texmf-dist/fonts/type1/urw/symbol/usyr.pfb></usr/local/te
xlive/2014/texmf-dist/fonts/type1/urw/times/utmb8a.pfb></usr/local/texlive/2014
/texmf-dist/fonts/type1/urw/times/utmbi8a.pfb></usr/local/texlive/2014/texmf-di
st/fonts/type1/urw/times/utmr8a.pfb></usr/local/texlive/2014/texmf-dist/fonts/t
ype1/urw/times/utmri8a.pfb>
Output written on MJThesis.pdf (30 pages, 264673 bytes).
PDF statistics:
 625 PDF objects out of 1000 (max. 8388607)
 571 compressed objects within 6 object streams
 110 named destinations out of 1000 (max. 500000)
 66433 words of extra memory for PDF output out of 74296 (max. 10000000)

