\BOOKMARK [0][]{chapter*.1}{Abstract}{}% 1
\BOOKMARK [0][]{chapter*.2}{Preface}{}% 2
\BOOKMARK [0][]{chapter*.3}{Table of Contents}{}% 3
\BOOKMARK [0][]{chapter*.4}{List of Tables}{}% 4
\BOOKMARK [0][]{chapter*.5}{List of Figures}{}% 5
\BOOKMARK [0][]{chapter*.6}{List of Abbreviations}{}% 6
\BOOKMARK [0][]{chapter*.7}{Acknowledgments}{}% 7
\BOOKMARK [0][]{chapter.1}{Introduction}{}% 8
\BOOKMARK [1][]{section.1.1}{S-layer structure}{chapter.1}% 9
\BOOKMARK [1][]{section.1.2}{History of S-layers}{chapter.1}% 10
\BOOKMARK [0][]{chapter.2}{The core and O-polysaccharide structure of the Caulobacter crescentus lipopolysaccharide}{}% 11
\BOOKMARK [1][]{section.2.1}{Introduction}{chapter.2}% 12
\BOOKMARK [1][]{section.2.2}{Results}{chapter.2}% 13
\BOOKMARK [2][]{subsection.2.2.1}{Characterisation of whole lps}{section.2.2}% 14
\BOOKMARK [2][]{subsection.2.2.2}{Initial assessment and component analysis}{section.2.2}% 15
\BOOKMARK [2][]{subsection.2.2.3}{O-antigen structure determination \(ps1\)}{section.2.2}% 16
\BOOKMARK [2][]{subsection.2.2.4}{Minor component determination}{section.2.2}% 17
\BOOKMARK [2][]{subsection.2.2.5}{Rhamnan polysaccharide determination \(ps2\)}{section.2.2}% 18
\BOOKMARK [2][]{subsection.2.2.6}{Core oligosaccharide determination}{section.2.2}% 19
\BOOKMARK [1][]{section.2.3}{Methods}{chapter.2}% 20
\BOOKMARK [2][]{subsection.2.3.1}{Bacterial strain construction and growth conditions}{section.2.3}% 21
\BOOKMARK [2][]{subsection.2.3.2}{lps isolation}{section.2.3}% 22
\BOOKMARK [2][]{subsection.2.3.3}{Bligh Dyer Extraction}{section.2.3}% 23
\BOOKMARK [2][]{subsection.2.3.4}{Silver stain and gel electrophoresis}{section.2.3}% 24
\BOOKMARK [2][]{subsection.2.3.5}{Periodic acid-Schiff Stain}{section.2.3}% 25
\BOOKMARK [2][]{subsection.2.3.6}{nmr spectroscopy}{section.2.3}% 26
\BOOKMARK [2][]{subsection.2.3.7}{lps Chromatography}{section.2.3}% 27
\BOOKMARK [2][]{subsection.2.3.8}{Monosaccharide analysis}{section.2.3}% 28
\BOOKMARK [2][]{subsection.2.3.9}{Determination of absolute configurations of monosaccharides}{section.2.3}% 29
\BOOKMARK [2][]{subsection.2.3.10}{Methylation analysis}{section.2.3}% 30
\BOOKMARK [2][]{subsection.2.3.11}{Periodate oxidation}{section.2.3}% 31
\BOOKMARK [1][]{section.2.4}{Discussion}{chapter.2}% 32
\BOOKMARK [0][]{chapter*.27}{Bibliography}{}% 33
\BOOKMARK [0][]{appendix.A}{Supporting Materials}{}% 34
